<?xml version="1.0" encoding="UTF-8"?>
<!-- Generated by org.testng.reporters.JUnitXMLReporter -->
<testsuite ignored="0" hostname="BRIAPWLUhqiRswk" failures="0" tests="4" name="PetTests" time="0.544" errors="0" timestamp="2024-02-13T12:14:46 IST">
  <testcase classname="api.test.UserTests2" name="@BeforeClass setup" time="0.206">
    <failure type="java.lang.UnsupportedClassVersionError" message="org/apache/logging/log4j/LogManager has been compiled by a more recent version of the Java Runtime (class file version 61.0), this version of the Java Runtime only recognizes class file versions up to 55.0">
      <![CDATA[java.lang.UnsupportedClassVersionError: org/apache/logging/log4j/LogManager has been compiled by a more recent version of the Java Runtime (class file version 61.0), this version of the Java Runtime only recognizes class file versions up to 55.0
at java.base/java.lang.ClassLoader.defineClass1(Native Method)
at java.base/java.lang.ClassLoader.defineClass(ClassLoader.java:1016)
at java.base/java.security.SecureClassLoader.defineClass(SecureClassLoader.java:174)
at java.base/jdk.internal.loader.BuiltinClassLoader.defineClass(BuiltinClassLoader.java:800)
at java.base/jdk.internal.loader.BuiltinClassLoader.findClassOnClassPathOrNull(BuiltinClassLoader.java:698)
at java.base/jdk.internal.loader.BuiltinClassLoader.loadClassOrNull(BuiltinClassLoader.java:621)
at java.base/jdk.internal.loader.BuiltinClassLoader.loadClass(BuiltinClassLoader.java:579)
at java.base/jdk.internal.loader.ClassLoaders$AppClassLoader.loadClass(ClassLoaders.java:178)
at java.base/java.lang.ClassLoader.loadClass(ClassLoader.java:521)
at api.test.UserTests2.setup(UserTests2.java:38)
at java.base/java.util.ArrayList.forEach(ArrayList.java:1541)
... Removed 25 stack frames]]>
    </failure>
  </testcase> <!-- @BeforeClass setup -->
  <testcase classname="api.test.UserTests2" name="testPostUser" time="0.0">
    <skipped/>
  </testcase> <!-- testPostUser -->
  <testcase classname="api.test.UserTests2" name="testGetUserByName" time="0.0">
    <skipped/>
  </testcase> <!-- testGetUserByName -->
  <testcase classname="api.test.UserTests2" name="testUpdateUserByName" time="0.0">
    <skipped/>
  </testcase> <!-- testUpdateUserByName -->
  <testcase classname="api.test.UserTests2" name="testDeleteUserByName" time="0.001">
    <skipped/>
  </testcase> <!-- testDeleteUserByName -->
</testsuite> <!-- PetTests -->
